# JRE version: OpenJDK Runtime Environment (8.0_202-b03) (build 1.8.0_202-release-1483-b03)
# Java VM: OpenJDK 64-Bit Server VM (25.202-b03 mixed mode windows-amd64 compressed oops)
Heap:
 PSYoungGen      total 391168K, used 359835K [0x00000000e0000000, 0x00000000fb800000, 0x0000000100000000)
  eden space 346112K, 97% used [0x00000000e0000000,0x00000000f4ac07c8,0x00000000f5200000)
  from space 45056K, 46% used [0x00000000f8c00000,0x00000000fa0a67d0,0x00000000fb800000)
  to   space 52224K, 0% used [0x00000000f5200000,0x00000000f5200000,0x00000000f8500000)
 ParOldGen       total 174592K, used 69547K [0x00000000a0000000, 0x00000000aaa80000, 0x00000000e0000000)
  object space 174592K, 39% used [0x00000000a0000000,0x00000000a43eae48,0x00000000aaa80000)
 Metaspace       used 133403K, capacity 138636K, committed 138840K, reserved 1171456K
  class space    used 16703K, capacity 17678K, committed 17752K, reserved 1048576K
GC Heap History (10 events):
Event: 6976.800 GC heap before
{Heap before GC invocations=35 (full 5):
 PSYoungGen      total 326144K, used 283648K [0x00000000e0000000, 0x00000000f9e80000, 0x0000000100000000)
  eden space 259584K, 100% used [0x00000000e0000000,0x00000000efd80000,0x00000000efd80000)
  from space 66560K, 36% used [0x00000000efd80000,0x00000000f1500238,0x00000000f3e80000)
  to   space 62976K, 0% used [0x00000000f6100000,0x00000000f6100000,0x00000000f9e80000)
 ParOldGen       total 174592K, used 63094K [0x00000000a0000000, 0x00000000aaa80000, 0x00000000e0000000)
  object space 174592K, 36% used [0x00000000a0000000,0x00000000a3d9d948,0x00000000aaa80000)
 Metaspace       used 95368K, capacity 99408K, committed 99544K, reserved 1136640K
  class space    used 12148K, capacity 12901K, committed 13016K, reserved 1048576K
Event: 6977.685 GC heap after
Heap after GC invocations=35 (full 5):
 PSYoungGen      total 354304K, used 8761K [0x00000000e0000000, 0x00000000f9a00000, 0x0000000100000000)
  eden space 295936K, 0% used [0x00000000e0000000,0x00000000e0000000,0x00000000f2100000)
  from space 58368K, 15% used [0x00000000f6100000,0x00000000f698e5f8,0x00000000f9a00000)
  to   space 61952K, 0% used [0x00000000f2100000,0x00000000f2100000,0x00000000f5d80000)
 ParOldGen       total 174592K, used 69515K [0x00000000a0000000, 0x00000000aaa80000, 0x00000000e0000000)
  object space 174592K, 39% used [0x00000000a0000000,0x00000000a43e2e48,0x00000000aaa80000)
 Metaspace       used 95368K, capacity 99408K, committed 99544K, reserved 1136640K
  class space    used 12148K, capacity 12901K, committed 13016K, reserved 1048576K
}
Event: 7149.147 GC heap before
{Heap before GC invocations=36 (full 5):
 PSYoungGen      total 354304K, used 304697K [0x00000000e0000000, 0x00000000f9a00000, 0x0000000100000000)
  eden space 295936K, 100% used [0x00000000e0000000,0x00000000f2100000,0x00000000f2100000)
  from space 58368K, 15% used [0x00000000f6100000,0x00000000f698e5f8,0x00000000f9a00000)
  to   space 61952K, 0% used [0x00000000f2100000,0x00000000f2100000,0x00000000f5d80000)
 ParOldGen       total 174592K, used 69515K [0x00000000a0000000, 0x00000000aaa80000, 0x00000000e0000000)
  object space 174592K, 39% used [0x00000000a0000000,0x00000000a43e2e48,0x00000000aaa80000)
 Metaspace       used 95499K, capacity 99652K, committed 99800K, reserved 1136640K
  class space    used 12153K, capacity 12909K, committed 13016K, reserved 1048576K
Event: 7149.790 GC heap after
Heap after GC invocations=36 (full 5):
 PSYoungGen      total 357888K, used 4960K [0x00000000e0000000, 0x00000000fbc00000, 0x0000000100000000)
  eden space 295936K, 0% used [0x00000000e0000000,0x00000000e0000000,0x00000000f2100000)
  from space 61952K, 8% used [0x00000000f2100000,0x00000000f25d8020,0x00000000f5d80000)
  to   space 61440K, 0% used [0x00000000f8000000,0x00000000f8000000,0x00000000fbc00000)
 ParOldGen       total 174592K, used 69523K [0x00000000a0000000, 0x00000000aaa80000, 0x00000000e0000000)
  object space 174592K, 39% used [0x00000000a0000000,0x00000000a43e4e48,0x00000000aaa80000)
 Metaspace       used 95499K, capacity 99652K, committed 99800K, reserved 1136640K
  class space    used 12153K, capacity 12909K, committed 13016K, reserved 1048576K
}
Event: 7325.448 GC heap before
{Heap before GC invocations=37 (full 5):
 PSYoungGen      total 357888K, used 300896K [0x00000000e0000000, 0x00000000fbc00000, 0x0000000100000000)
  eden space 295936K, 100% used [0x00000000e0000000,0x00000000f2100000,0x00000000f2100000)
  from space 61952K, 8% used [0x00000000f2100000,0x00000000f25d8020,0x00000000f5d80000)
  to   space 61440K, 0% used [0x00000000f8000000,0x00000000f8000000,0x00000000fbc00000)
 ParOldGen       total 174592K, used 69523K [0x00000000a0000000, 0x00000000aaa80000, 0x00000000e0000000)
  object space 174592K, 39% used [0x00000000a0000000,0x00000000a43e4e48,0x00000000aaa80000)
 Metaspace       used 95802K, capacity 100206K, committed 100440K, reserved 1136640K
  class space    used 12190K, capacity 13006K, committed 13144K, reserved 1048576K
Event: 7325.591 GC heap after
Heap after GC invocations=37 (full 5):
 PSYoungGen      total 375808K, used 15808K [0x00000000e0000000, 0x00000000fb080000, 0x0000000100000000)
  eden space 326144K, 0% used [0x00000000e0000000,0x00000000e0000000,0x00000000f3e80000)
  from space 49664K, 31% used [0x00000000f8000000,0x00000000f8f70020,0x00000000fb080000)
  to   space 58368K, 0% used [0x00000000f3e80000,0x00000000f3e80000,0x00000000f7780000)
 ParOldGen       total 174592K, used 69531K [0x00000000a0000000, 0x00000000aaa80000, 0x00000000e0000000)
  object space 174592K, 39% used [0x00000000a0000000,0x00000000a43e6e48,0x00000000aaa80000)
 Metaspace       used 95802K, capacity 100206K, committed 100440K, reserved 1136640K
  class space    used 12190K, capacity 13006K, committed 13144K, reserved 1048576K
}
Event: 8335.148 GC heap before
{Heap before GC invocations=38 (full 5):
 PSYoungGen      total 375808K, used 341952K [0x00000000e0000000, 0x00000000fb080000, 0x0000000100000000)
  eden space 326144K, 100% used [0x00000000e0000000,0x00000000f3e80000,0x00000000f3e80000)
  from space 49664K, 31% used [0x00000000f8000000,0x00000000f8f70020,0x00000000fb080000)
  to   space 58368K, 0% used [0x00000000f3e80000,0x00000000f3e80000,0x00000000f7780000)
 ParOldGen       total 174592K, used 69531K [0x00000000a0000000, 0x00000000aaa80000, 0x00000000e0000000)
  object space 174592K, 39% used [0x00000000a0000000,0x00000000a43e6e48,0x00000000aaa80000)
 Metaspace       used 96097K, capacity 100678K, committed 100952K, reserved 1136640K
  class space    used 12234K, capacity 13084K, committed 13144K, reserved 1048576K
Event: 8336.969 GC heap after
Heap after GC invocations=38 (full 5):
 PSYoungGen      total 384512K, used 16767K [0x00000000e0000000, 0x00000000fc280000, 0x0000000100000000)
  eden space 326144K, 0% used [0x00000000e0000000,0x00000000e0000000,0x00000000f3e80000)
  from space 58368K, 28% used [0x00000000f3e80000,0x00000000f4edfd50,0x00000000f7780000)
  to   space 55808K, 0% used [0x00000000f8c00000,0x00000000f8c00000,0x00000000fc280000)
 ParOldGen       total 174592K, used 69539K [0x00000000a0000000, 0x00000000aaa80000, 0x00000000e0000000)
  object space 174592K, 39% used [0x00000000a0000000,0x00000000a43e8e48,0x00000000aaa80000)
 Metaspace       used 96097K, capacity 100678K, committed 100952K, reserved 1136640K
  class space    used 12234K, capacity 13084K, committed 13144K, reserved 1048576K
}
Event: 8443.949 GC heap before
{Heap before GC invocations=39 (full 5):
 PSYoungGen      total 384512K, used 342911K [0x00000000e0000000, 0x00000000fc280000, 0x0000000100000000)
  eden space 326144K, 100% used [0x00000000e0000000,0x00000000f3e80000,0x00000000f3e80000)
  from space 58368K, 28% used [0x00000000f3e80000,0x00000000f4edfd50,0x00000000f7780000)
  to   space 55808K, 0% used [0x00000000f8c00000,0x00000000f8c00000,0x00000000fc280000)
 ParOldGen       total 174592K, used 69539K [0x00000000a0000000, 0x00000000aaa80000, 0x00000000e0000000)
  object space 174592K, 39% used [0x00000000a0000000,0x00000000a43e8e48,0x00000000aaa80000)
 Metaspace       used 98165K, capacity 102842K, committed 103256K, reserved 1138688K
  class space    used 12419K, capacity 13266K, committed 13400K, reserved 1048576K
Event: 8444.221 GC heap after
Heap after GC invocations=39 (full 5):
 PSYoungGen      total 391168K, used 21145K [0x00000000e0000000, 0x00000000fb800000, 0x0000000100000000)
  eden space 346112K, 0% used [0x00000000e0000000,0x00000000e0000000,0x00000000f5200000)
  from space 45056K, 46% used [0x00000000f8c00000,0x00000000fa0a67d0,0x00000000fb800000)
  to   space 52224K, 0% used [0x00000000f5200000,0x00000000f5200000,0x00000000f8500000)
 ParOldGen       total 174592K, used 69547K [0x00000000a0000000, 0x00000000aaa80000, 0x00000000e0000000)
  object space 174592K, 39% used [0x00000000a0000000,0x00000000a43eae48,0x00000000aaa80000)
 Metaspace       used 98165K, capacity 102842K, committed 103256K, reserved 1138688K
  class space    used 12419K, capacity 13266K, committed 13400K, reserved 1048576K
}

